<?xml version="1.0" encoding="UTF-8"?>
<!-- Generated by org.testng.reporters.JUnitReportReporter -->
<testsuite skipped="0" hostname="SYS_1" name="com.testcases.Tc_01_CreateNewUser" tests="1" failures="0" timestamp="12 Dec 2019 02:47:04 GMT" time="16.101" errors="0">
  <testcase name="Tc_01_CreateNewUser" time="16.101" classname="com.testcases.Tc_01_CreateNewUser"/>
</testsuite> <!-- com.testcases.Tc_01_CreateNewUser -->
